{"level":"error","message":"error Hola Mundo","service":"app.js"}
{"level":"error","message":"error Esto es algo mal","service":"app.js"}
{"level":"error","message":"error Esto es algo mal","service":"app.js"}
{"level":"error","message":"error Esto es algo mal","service":"app.js"}
{"level":"error","message":"error Esto es algo mal","service":"app.js"}
{"level":"error","message":"error Esto es algo mal","service":"app.js"}
{"level":"error","message":"error Esto es algo mal","service":"app.js"}
{"level":"error","message":"error Esto es algo mal","service":"app.js"}
{"level":"error","message":"error Esto es algo mal","service":"app.js"}
{"level":"error","message":"error Esto es algo mal","service":"app.js"}
{"level":"error","message":"error Esto es algo mal","service":"app.js"}
{"level":"error","message":"error Esto es algo mal","service":"app.js"}
{"at":"2024-06-03T17:07:27.552Z","level":"error","message":"error Esto es algo mal","service":"app.js"}
{"level":"error","message":"error Esto es algo mal","service":"app.js"}
{"level":"error","message":"error Esto es algo mal","service":"app.js"}
{"level":"error","message":"error Esto es algo mal","service":"app.js"}
{"at":"2024-06-03T17:07:42.300Z","level":"error","message":"error Esto es algo mal","service":"app.js"}
{"at":"2024-06-03T17:08:42.750Z","level":"error","message":"error Esto es algo mal","service":"app.js"}
{"at":"2024-06-03T17:09:00.036Z","level":"error","message":"error Esto es algo mal","service":"app.js"}
{"at":"2024-06-03T17:09:04.215Z","level":"error","message":"error Esto es algo mal","service":"app.js"}
{"at":"2024-06-03T17:09:11.997Z","level":"error","message":"error Esto es algo mal","service":"app.js"}
{"at":"2024-06-03T17:09:16.353Z","level":"error","message":"error Esto es algo mal","service":"app.js"}
{"at":"2024-06-03T17:09:18.078Z","level":"error","message":"error Esto es algo mal","service":"app.js"}
{"at":"2024-06-03T17:09:20.474Z","level":"error","message":"error Esto es algo mal","service":"app.js"}
{"at":"2024-06-03T17:09:21.588Z","level":"error","message":"error Esto es algo mal","service":"app.js"}
{"at":"2024-06-03T17:09:21.694Z","level":"error","message":"error Esto es algo mal","service":"app.js"}
{"at":"2024-06-03T17:09:34.731Z","level":"error","message":"error Esto es algo mal","service":"app.js"}
undefined
{"at":"2024-06-03T17:10:13.275Z","level":"error","message":"error Esto es algo mal","service":"app.js","timestamp":"2024-06-03T17:10:13.275Z"}
{"at":"2024-06-03T17:10:17.100Z","level":"error","message":"error Esto es algo mal","service":"app.js","timestamp":"2024-06-03T17:10:17.100Z"}
{"at":"2024-06-03T17:10:22.347Z","level":"error","message":"error Esto es algo mal","service":"app.js","timestamp":"2024-06-03T17:10:22.347Z"}
{"at":"2024-06-03T17:10:25.308Z","level":"error","message":"error Esto es algo mal","service":"app.js","timestamp":"2024-06-03T17:10:25.308Z"}
{"at":"2024-06-03T17:11:30.940Z","level":"error","message":"error Esto es algo mal","service":"app.js","timestamp":"2024-06-03T17:11:30.940Z"}
{"at":"2024-06-03T17:13:32.997Z","level":"error","message":"error Esto es algo mal","service":"app.js","timestamp":"2024-06-03T17:13:32.997Z"}
{"at":"2024-06-03T17:13:53.958Z","level":"error","message":"error Esto es algo mal","service":"app.js","timestamp":"2024-06-03T17:13:53.958Z"}
{"at":"2024-06-03T17:15:28.635Z","level":"error","message":"error Esto es algo mal","service":"app.js","timestamp":"2024-06-03T17:15:28.635Z"}
{"at":"2024-06-03T17:15:47.342Z","level":"error","message":"error Esto es algo mal","service":"app.js","timestamp":"2024-06-03T17:15:47.342Z"}
